BitonicSort 131072 10 277
BitonicSort 131072 11 274
BitonicSort 131072 12 291
BitonicSort 131072 13 276
BitonicSort 131072 14 274
BitonicSort 131072 15 270
BitonicSort 131072 16 285
BitonicSort 131072 17 282
BitonicSort 131072 18 311
BitonicSort 131072 19 301
BitonicSort 131072 1 330
BitonicSort 131072 20 302
BitonicSort 131072 21 290
BitonicSort 131072 22 277
BitonicSort 131072 23 291
BitonicSort 131072 24 294
BitonicSort 131072 25 284
BitonicSort 131072 2 308
BitonicSort 131072 3 281
BitonicSort 131072 4 289
BitonicSort 131072 5 298
BitonicSort 131072 6 286
BitonicSort 131072 7 299
BitonicSort 131072 8 304
BitonicSort 131072 9 288
BitonicSort 16384 10 141
BitonicSort 16384 11 129
BitonicSort 16384 12 133
BitonicSort 16384 13 131
BitonicSort 16384 14 142
BitonicSort 16384 15 131
BitonicSort 16384 16 157
BitonicSort 16384 17 157
BitonicSort 16384 18 135
BitonicSort 16384 19 155
BitonicSort 16384 1 144
BitonicSort 16384 20 139
BitonicSort 16384 21 131
BitonicSort 16384 22 150
BitonicSort 16384 23 146
BitonicSort 16384 24 136
BitonicSort 16384 25 158
BitonicSort 16384 2 142
BitonicSort 16384 3 133
BitonicSort 16384 4 151
BitonicSort 16384 5 132
BitonicSort 16384 6 138
BitonicSort 16384 7 149
BitonicSort 16384 8 143
BitonicSort 16384 9 151
BitonicSort 262144 10 392
BitonicSort 262144 11 424
BitonicSort 262144 12 425
BitonicSort 262144 13 397
BitonicSort 262144 14 411
BitonicSort 262144 15 419
BitonicSort 262144 16 476
BitonicSort 262144 17 421
BitonicSort 262144 18 449
BitonicSort 262144 19 435
BitonicSort 262144 1 401
BitonicSort 262144 20 403
BitonicSort 262144 21 410
BitonicSort 262144 22 509
BitonicSort 262144 23 429
BitonicSort 262144 24 430
BitonicSort 262144 25 405
BitonicSort 262144 2 419
BitonicSort 262144 3 404
BitonicSort 262144 4 402
BitonicSort 262144 5 388
BitonicSort 262144 6 393
BitonicSort 262144 7 425
BitonicSort 262144 8 400
BitonicSort 262144 9 419
BitonicSort 4096 10 107
BitonicSort 4096 11 92
BitonicSort 4096 12 98
BitonicSort 4096 13 99
BitonicSort 4096 14 107
BitonicSort 4096 15 114
BitonicSort 4096 16 112
BitonicSort 4096 17 110
BitonicSort 4096 18 98
BitonicSort 4096 19 99
BitonicSort 4096 1 94
BitonicSort 4096 20 103
BitonicSort 4096 21 99
BitonicSort 4096 22 100
BitonicSort 4096 23 102
BitonicSort 4096 24 94
BitonicSort 4096 25 106
BitonicSort 4096 2 97
BitonicSort 4096 3 104
BitonicSort 4096 4 111
BitonicSort 4096 5 106
BitonicSort 4096 6 95
BitonicSort 4096 7 111
BitonicSort 4096 8 105
BitonicSort 4096 9 102
BitonicSort 524288 10 667
BitonicSort 524288 11 706
BitonicSort 524288 12 666
BitonicSort 524288 13 703
BitonicSort 524288 14 675
BitonicSort 524288 15 710
BitonicSort 524288 16 698
BitonicSort 524288 17 696
BitonicSort 524288 18 664
BitonicSort 524288 19 665
BitonicSort 524288 1 755
BitonicSort 524288 20 683
BitonicSort 524288 21 679
BitonicSort 524288 22 681
BitonicSort 524288 23 682
BitonicSort 524288 24 653
BitonicSort 524288 25 652
BitonicSort 524288 2 662
BitonicSort 524288 3 659
BitonicSort 524288 4 672
BitonicSort 524288 5 710
BitonicSort 524288 6 666
BitonicSort 524288 7 696
BitonicSort 524288 8 696
BitonicSort 524288 9 702
BitonicSort 65536 10 215
BitonicSort 65536 11 235
BitonicSort 65536 12 205
BitonicSort 65536 13 210
BitonicSort 65536 14 225
BitonicSort 65536 15 218
BitonicSort 65536 16 208
BitonicSort 65536 17 212
BitonicSort 65536 18 216
BitonicSort 65536 19 211
BitonicSort 65536 1 213
BitonicSort 65536 20 187
BitonicSort 65536 21 218
BitonicSort 65536 22 202
BitonicSort 65536 23 200
BitonicSort 65536 24 245
BitonicSort 65536 25 238
BitonicSort 65536 2 219
BitonicSort 65536 3 210
BitonicSort 65536 4 271
BitonicSort 65536 5 211
BitonicSort 65536 6 258
BitonicSort 65536 7 209
BitonicSort 65536 8 223
BitonicSort 65536 9 223
CocktailShakerSort 131072 10 62934
CocktailShakerSort 131072 11 52849
CocktailShakerSort 131072 12 56241
CocktailShakerSort 131072 13 55550
CocktailShakerSort 131072 14 56788
CocktailShakerSort 131072 15 66017
CocktailShakerSort 131072 16 116124
CocktailShakerSort 131072 17 103084
CocktailShakerSort 131072 18 85543
CocktailShakerSort 131072 19 94396
CocktailShakerSort 131072 1 54794
CocktailShakerSort 131072 20 71575
CocktailShakerSort 131072 21 69836
CocktailShakerSort 131072 22 70519
CocktailShakerSort 131072 23 70301
CocktailShakerSort 131072 24 71360
CocktailShakerSort 131072 25 69506
CocktailShakerSort 131072 2 85600
CocktailShakerSort 131072 3 70343
CocktailShakerSort 131072 4 85404
CocktailShakerSort 131072 5 70626
CocktailShakerSort 131072 6 71584
CocktailShakerSort 131072 7 70399
CocktailShakerSort 131072 8 70919
CocktailShakerSort 131072 9 69928
CocktailShakerSort 16384 10 1519
CocktailShakerSort 16384 11 1551
CocktailShakerSort 16384 12 1592
CocktailShakerSort 16384 13 1573
CocktailShakerSort 16384 14 1564
CocktailShakerSort 16384 15 1572
CocktailShakerSort 16384 16 1552
CocktailShakerSort 16384 17 1557
CocktailShakerSort 16384 18 1553
CocktailShakerSort 16384 19 1570
CocktailShakerSort 16384 1 1534
CocktailShakerSort 16384 20 1564
CocktailShakerSort 16384 21 1572
CocktailShakerSort 16384 22 1602
CocktailShakerSort 16384 23 1573
CocktailShakerSort 16384 24 1592
CocktailShakerSort 16384 25 1568
CocktailShakerSort 16384 2 1596
CocktailShakerSort 16384 3 1521
CocktailShakerSort 16384 4 1563
CocktailShakerSort 16384 5 1556
CocktailShakerSort 16384 6 1559
CocktailShakerSort 16384 7 1543
CocktailShakerSort 16384 8 1529
CocktailShakerSort 16384 9 1571
CocktailShakerSort 262144 10 332661
CocktailShakerSort 262144 11 330495
CocktailShakerSort 262144 12 335295
CocktailShakerSort 262144 13 335682
CocktailShakerSort 262144 14 333187
CocktailShakerSort 262144 15 331736
CocktailShakerSort 262144 16 330926
CocktailShakerSort 262144 17 340542
CocktailShakerSort 262144 18 330281
CocktailShakerSort 262144 19 327057
CocktailShakerSort 262144 1 330531
CocktailShakerSort 262144 20 328484
CocktailShakerSort 262144 21 330857
CocktailShakerSort 262144 22 338371
CocktailShakerSort 262144 23 329944
CocktailShakerSort 262144 24 333954
CocktailShakerSort 262144 25 330812
CocktailShakerSort 262144 2 330267
CocktailShakerSort 262144 3 332654
CocktailShakerSort 262144 4 332906
CocktailShakerSort 262144 5 338136
CocktailShakerSort 262144 6 341320
CocktailShakerSort 262144 7 333721
CocktailShakerSort 262144 8 330238
CocktailShakerSort 262144 9 333547
CocktailShakerSort 4096 10 299
CocktailShakerSort 4096 11 302
CocktailShakerSort 4096 12 299
CocktailShakerSort 4096 13 289
CocktailShakerSort 4096 14 297
CocktailShakerSort 4096 15 296
CocktailShakerSort 4096 16 302
CocktailShakerSort 4096 17 308
CocktailShakerSort 4096 18 300
CocktailShakerSort 4096 19 291
CocktailShakerSort 4096 1 288
CocktailShakerSort 4096 20 283
CocktailShakerSort 4096 21 297
CocktailShakerSort 4096 22 293
CocktailShakerSort 4096 23 296
CocktailShakerSort 4096 24 291
CocktailShakerSort 4096 25 296
CocktailShakerSort 4096 2 301
CocktailShakerSort 4096 3 285
CocktailShakerSort 4096 4 299
CocktailShakerSort 4096 5 306
CocktailShakerSort 4096 6 301
CocktailShakerSort 4096 7 292
CocktailShakerSort 4096 8 293
CocktailShakerSort 4096 9 728
CocktailShakerSort 524288 10 1558191
CocktailShakerSort 524288 11 1590682
CocktailShakerSort 524288 12 1552552
CocktailShakerSort 524288 13 1578560
CocktailShakerSort 524288 14 1553048
CocktailShakerSort 524288 15 1560625
CocktailShakerSort 524288 16 1546068
CocktailShakerSort 524288 17 1549122
CocktailShakerSort 524288 18 1574748
CocktailShakerSort 524288 19 1572516
CocktailShakerSort 524288 1 1564533
CocktailShakerSort 524288 20 1564053
CocktailShakerSort 524288 21 1563019
CocktailShakerSort 524288 22 1566942
CocktailShakerSort 524288 23 1331254
CocktailShakerSort 524288 24 1230261
CocktailShakerSort 524288 25 1240881
CocktailShakerSort 524288 2 1671155
CocktailShakerSort 524288 3 1253851
CocktailShakerSort 524288 4 1334268
CocktailShakerSort 524288 5 1470388
CocktailShakerSort 524288 6 1508020
CocktailShakerSort 524288 7 1533654
CocktailShakerSort 524288 8 1570245
CocktailShakerSort 524288 9 1514206
CocktailShakerSort 65536 10 24523
CocktailShakerSort 65536 11 16889
CocktailShakerSort 65536 12 15559
CocktailShakerSort 65536 13 15926
CocktailShakerSort 65536 14 16042
CocktailShakerSort 65536 15 16748
CocktailShakerSort 65536 16 16580
CocktailShakerSort 65536 17 15991
CocktailShakerSort 65536 18 17225
CocktailShakerSort 65536 19 17546
CocktailShakerSort 65536 1 14957
CocktailShakerSort 65536 20 16672
CocktailShakerSort 65536 21 19390
CocktailShakerSort 65536 22 17021
CocktailShakerSort 65536 23 16964
CocktailShakerSort 65536 24 15036
CocktailShakerSort 65536 25 15379
CocktailShakerSort 65536 2 15280
CocktailShakerSort 65536 3 15446
CocktailShakerSort 65536 4 16061
CocktailShakerSort 65536 5 15552
CocktailShakerSort 65536 6 16937
CocktailShakerSort 65536 7 15154
CocktailShakerSort 65536 8 14830
CocktailShakerSort 65536 9 15230
CombSort 131072 10 229
CombSort 131072 11 215
CombSort 131072 12 227
CombSort 131072 13 241
CombSort 131072 14 337
CombSort 131072 15 254
CombSort 131072 16 219
CombSort 131072 17 280
CombSort 131072 18 216
CombSort 131072 19 222
CombSort 131072 1 212
CombSort 131072 20 209
CombSort 131072 21 213
CombSort 131072 22 220
CombSort 131072 23 225
CombSort 131072 24 218
CombSort 131072 25 214
CombSort 131072 2 216
CombSort 131072 3 215
CombSort 131072 4 212
CombSort 131072 5 212
CombSort 131072 6 212
CombSort 131072 7 213
CombSort 131072 8 213
CombSort 131072 9 225
CombSort 16384 10 132
CombSort 16384 11 140
CombSort 16384 12 149
CombSort 16384 13 141
CombSort 16384 14 137
CombSort 16384 15 141
CombSort 16384 16 137
CombSort 16384 17 140
CombSort 16384 18 137
CombSort 16384 19 144
CombSort 16384 1 134
CombSort 16384 20 139
CombSort 16384 21 158
CombSort 16384 22 136
CombSort 16384 23 138
CombSort 16384 24 136
CombSort 16384 25 135
CombSort 16384 2 136
CombSort 16384 3 141
CombSort 16384 4 133
CombSort 16384 5 139
CombSort 16384 6 146
CombSort 16384 7 142
CombSort 16384 8 132
CombSort 16384 9 136
CombSort 262144 10 345
CombSort 262144 11 341
CombSort 262144 12 340
CombSort 262144 13 345
CombSort 262144 14 335
CombSort 262144 15 351
CombSort 262144 16 335
CombSort 262144 17 339
CombSort 262144 18 346
CombSort 262144 19 341
CombSort 262144 1 352
CombSort 262144 20 339
CombSort 262144 21 337
CombSort 262144 22 345
CombSort 262144 23 339
CombSort 262144 24 336
CombSort 262144 25 356
CombSort 262144 2 354
CombSort 262144 3 333
CombSort 262144 4 333
CombSort 262144 5 335
CombSort 262144 6 332
CombSort 262144 7 335
CombSort 262144 8 336
CombSort 262144 9 340
CombSort 4096 10 125
CombSort 4096 11 125
CombSort 4096 12 115
CombSort 4096 13 99
CombSort 4096 14 110
CombSort 4096 15 121
CombSort 4096 16 103
CombSort 4096 17 110
CombSort 4096 18 112
CombSort 4096 19 109
CombSort 4096 1 102
CombSort 4096 20 105
CombSort 4096 21 123
CombSort 4096 22 108
CombSort 4096 23 117
CombSort 4096 24 115
CombSort 4096 25 110
CombSort 4096 2 120
CombSort 4096 3 99
CombSort 4096 4 110
CombSort 4096 5 104
CombSort 4096 6 112
CombSort 4096 7 111
CombSort 4096 8 117
CombSort 4096 9 104
CombSort 524288 10 569
CombSort 524288 11 601
CombSort 524288 12 570
CombSort 524288 13 564
CombSort 524288 14 575
CombSort 524288 15 574
CombSort 524288 16 575
CombSort 524288 17 558
CombSort 524288 18 577
CombSort 524288 19 647
CombSort 524288 1 551
CombSort 524288 20 573
CombSort 524288 21 582
CombSort 524288 22 622
CombSort 524288 23 572
CombSort 524288 24 555
CombSort 524288 25 584
CombSort 524288 2 671
CombSort 524288 3 566
CombSort 524288 4 569
CombSort 524288 5 560
CombSort 524288 6 569
CombSort 524288 7 572
CombSort 524288 8 567
CombSort 524288 9 594
CombSort 65536 10 164
CombSort 65536 11 176
CombSort 65536 12 164
CombSort 65536 13 164
CombSort 65536 14 164
CombSort 65536 15 163
CombSort 65536 16 165
CombSort 65536 17 166
CombSort 65536 18 173
CombSort 65536 19 168
CombSort 65536 1 171
CombSort 65536 20 168
CombSort 65536 21 199
CombSort 65536 22 166
CombSort 65536 23 180
CombSort 65536 24 166
CombSort 65536 25 176
CombSort 65536 2 170
CombSort 65536 3 176
CombSort 65536 4 176
CombSort 65536 5 173
CombSort 65536 6 166
CombSort 65536 7 164
CombSort 65536 8 168
CombSort 65536 9 174
PigeonholeSort 131072 10 189
PigeonholeSort 131072 11 187
PigeonholeSort 131072 12 191
PigeonholeSort 131072 13 198
PigeonholeSort 131072 14 202
PigeonholeSort 131072 15 191
PigeonholeSort 131072 16 181
PigeonholeSort 131072 17 187
PigeonholeSort 131072 18 199
PigeonholeSort 131072 19 198
PigeonholeSort 131072 1 188
PigeonholeSort 131072 20 189
PigeonholeSort 131072 21 188
PigeonholeSort 131072 22 191
PigeonholeSort 131072 23 197
PigeonholeSort 131072 24 186
PigeonholeSort 131072 25 187
PigeonholeSort 131072 2 190
PigeonholeSort 131072 3 193
PigeonholeSort 131072 4 197
PigeonholeSort 131072 5 200
PigeonholeSort 131072 6 229
PigeonholeSort 131072 7 217
PigeonholeSort 131072 8 223
PigeonholeSort 131072 9 227
PigeonholeSort 16384 10 137
PigeonholeSort 16384 11 138
PigeonholeSort 16384 12 143
PigeonholeSort 16384 13 138
PigeonholeSort 16384 14 137
PigeonholeSort 16384 15 136
PigeonholeSort 16384 16 139
PigeonholeSort 16384 17 140
PigeonholeSort 16384 18 140
PigeonholeSort 16384 19 140
PigeonholeSort 16384 1 137
PigeonholeSort 16384 20 133
PigeonholeSort 16384 21 139
PigeonholeSort 16384 22 138
PigeonholeSort 16384 23 139
PigeonholeSort 16384 24 139
PigeonholeSort 16384 25 144
PigeonholeSort 16384 2 132
PigeonholeSort 16384 3 139
PigeonholeSort 16384 4 150
PigeonholeSort 16384 5 140
PigeonholeSort 16384 6 124
PigeonholeSort 16384 7 139
PigeonholeSort 16384 8 142
PigeonholeSort 16384 9 136
PigeonholeSort 262144 10 220
PigeonholeSort 262144 11 230
PigeonholeSort 262144 12 206
PigeonholeSort 262144 13 217
PigeonholeSort 262144 14 212
PigeonholeSort 262144 15 214
PigeonholeSort 262144 16 205
PigeonholeSort 262144 17 209
PigeonholeSort 262144 18 209
PigeonholeSort 262144 19 216
PigeonholeSort 262144 1 212
PigeonholeSort 262144 20 209
PigeonholeSort 262144 21 215
PigeonholeSort 262144 22 212
PigeonholeSort 262144 23 223
PigeonholeSort 262144 24 206
PigeonholeSort 262144 25 205
PigeonholeSort 262144 2 209
PigeonholeSort 262144 3 211
PigeonholeSort 262144 4 227
PigeonholeSort 262144 5 204
PigeonholeSort 262144 6 235
PigeonholeSort 262144 7 237
PigeonholeSort 262144 8 244
PigeonholeSort 262144 9 233
PigeonholeSort 4096 10 116
PigeonholeSort 4096 11 114
PigeonholeSort 4096 12 114
PigeonholeSort 4096 13 123
PigeonholeSort 4096 14 111
PigeonholeSort 4096 15 122
PigeonholeSort 4096 16 111
PigeonholeSort 4096 17 114
PigeonholeSort 4096 18 116
PigeonholeSort 4096 19 105
PigeonholeSort 4096 1 110
PigeonholeSort 4096 20 121
PigeonholeSort 4096 21 142
PigeonholeSort 4096 22 122
PigeonholeSort 4096 23 106
PigeonholeSort 4096 24 118
PigeonholeSort 4096 25 126
PigeonholeSort 4096 2 129
PigeonholeSort 4096 3 115
PigeonholeSort 4096 4 124
PigeonholeSort 4096 5 129
PigeonholeSort 4096 6 114
PigeonholeSort 4096 7 112
PigeonholeSort 4096 8 118
PigeonholeSort 4096 9 117
PigeonholeSort 524288 10 261
PigeonholeSort 524288 11 246
PigeonholeSort 524288 12 239
PigeonholeSort 524288 13 236
PigeonholeSort 524288 14 258
PigeonholeSort 524288 15 240
PigeonholeSort 524288 16 248
PigeonholeSort 524288 17 240
PigeonholeSort 524288 18 257
PigeonholeSort 524288 19 238
PigeonholeSort 524288 1 243
PigeonholeSort 524288 20 250
PigeonholeSort 524288 21 242
PigeonholeSort 524288 22 236
PigeonholeSort 524288 23 231
PigeonholeSort 524288 24 234
PigeonholeSort 524288 25 250
PigeonholeSort 524288 2 230
PigeonholeSort 524288 3 231
PigeonholeSort 524288 4 245
PigeonholeSort 524288 5 236
PigeonholeSort 524288 6 734
PigeonholeSort 524288 7 240
PigeonholeSort 524288 8 243
PigeonholeSort 524288 9 234
PigeonholeSort 65536 10 167
PigeonholeSort 65536 11 164
PigeonholeSort 65536 12 158
PigeonholeSort 65536 13 159
PigeonholeSort 65536 14 156
PigeonholeSort 65536 15 162
PigeonholeSort 65536 16 164
PigeonholeSort 65536 17 169
PigeonholeSort 65536 18 162
PigeonholeSort 65536 19 159
PigeonholeSort 65536 1 158
PigeonholeSort 65536 20 160
PigeonholeSort 65536 21 169
PigeonholeSort 65536 22 166
PigeonholeSort 65536 23 160
PigeonholeSort 65536 24 160
PigeonholeSort 65536 25 165
PigeonholeSort 65536 2 176
PigeonholeSort 65536 3 163
PigeonholeSort 65536 4 158
PigeonholeSort 65536 5 166
PigeonholeSort 65536 6 163
PigeonholeSort 65536 7 166
PigeonholeSort 65536 8 164
PigeonholeSort 65536 9 164
